#-----------------------------------------------------------
# Vivado v2018.3 (64-bit)
# SW Build 2405991 on Thu Dec  6 23:36:41 MST 2018
# IP Build 2404404 on Fri Dec  7 01:43:56 MST 2018
# Start of session at: Mon May 11 13:21:09 2020
# Process ID: 2042
# Current directory: /home/ukallakuri/hardware_design/designs/_N4DDA7-DS
# Command line: vivado
# Log file: /home/ukallakuri/hardware_design/designs/_N4DDA7-DS/vivado.log
# Journal file: /home/ukallakuri/hardware_design/designs/_N4DDA7-DS/vivado.jou
#-----------------------------------------------------------
start_gui
open_project /home/ukallakuri/hardware_design/designs/_N4DDA7-DS/_N4DDA7-DS.xpr
Scanning sources...
Finished scanning sources
ERROR: [Project 1-510] Parsing generated run data failed
open_project /home/ukallakuri/hardware_design/designs/_N4DDA7-DS/_N4DDA7-DS.xpr
Scanning sources...
Finished scanning sources
WARNING: [Project 1-509] GeneratedRun file for 'synth_1' not found
WARNING: [Project 1-509] GeneratedRun file for 'impl_1' not found
INFO: [IP_Flow 19-234] Refreshing IP repositories
INFO: [IP_Flow 19-1704] No user IP repositories specified
INFO: [IP_Flow 19-2313] Loaded Vivado IP repository '/tools/Xilinx/Vivado/2018.3/data/ip'.
update_compile_order -fileset sources_1
